<?xml version="1.0" encoding="UTF-8"?>
<coverage generated="1671118988409" clover="3.2.0">
  <project timestamp="1671118988410" name="All files">
    <metrics statements="19" coveredstatements="18" conditionals="6" coveredconditionals="3" methods="4" coveredmethods="3" elements="29" coveredelements="24" complexity="0" loc="19" ncloc="19" packages="1" files="3" classes="3"/>
    <file name="handleItemDelete.js" path="C:\dev_workspace\microverse-workspace\todo-app\src\modules\handleItemDelete.js">
      <metrics statements="7" coveredstatements="6" conditionals="0" coveredconditionals="0" methods="2" coveredmethods="1"/>
      <line num="4" count="1" type="stmt"/>
      <line num="5" count="1" type="stmt"/>
      <line num="6" count="1" type="stmt"/>
      <line num="9" count="1" type="stmt"/>
      <line num="10" count="0" type="stmt"/>
      <line num="13" count="1" type="stmt"/>
      <line num="14" count="1" type="stmt"/>
    </file>
    <file name="saveTodo.js" path="C:\dev_workspace\microverse-workspace\todo-app\src\modules\saveTodo.js">
      <metrics statements="8" coveredstatements="8" conditionals="2" coveredconditionals="1" methods="1" coveredmethods="1"/>
      <line num="5" count="1" type="stmt"/>
      <line num="7" count="1" type="stmt"/>
      <line num="8" count="1" type="cond" truecount="1" falsecount="1"/>
      <line num="9" count="1" type="stmt"/>
      <line num="10" count="1" type="stmt"/>
      <line num="12" count="1" type="stmt"/>
      <line num="13" count="1" type="stmt"/>
      <line num="15" count="1" type="stmt"/>
    </file>
    <file name="todoListBuilder.js" path="C:\dev_workspace\microverse-workspace\todo-app\src\modules\todoListBuilder.js">
      <metrics statements="4" coveredstatements="4" conditionals="4" coveredconditionals="2" methods="1" coveredmethods="1"/>
      <line num="1" count="1" type="stmt"/>
      <line num="2" count="2" type="stmt"/>
      <line num="3" count="2" type="stmt"/>
      <line num="13" count="2" type="stmt"/>
    </file>
  </project>
</coverage>
