<?xml version="1.0" encoding="UTF-8"?>
<coverage generated="1671182749313" clover="3.2.0">
  <project timestamp="1671182749313" name="All files">
    <metrics statements="33" coveredstatements="32" conditionals="6" coveredconditionals="5" methods="6" coveredmethods="5" elements="45" coveredelements="42" complexity="0" loc="33" ncloc="33" packages="1" files="5" classes="5"/>
    <file name="handleItemDelete.js" path="C:\dev_workspace\microverse-workspace\todo-app\src\modules\handleItemDelete.js">
      <metrics statements="7" coveredstatements="6" conditionals="0" coveredconditionals="0" methods="2" coveredmethods="1"/>
      <line num="4" count="1" type="stmt"/>
      <line num="5" count="1" type="stmt"/>
      <line num="6" count="1" type="stmt"/>
      <line num="9" count="1" type="stmt"/>
      <line num="10" count="0" type="stmt"/>
      <line num="13" count="1" type="stmt"/>
      <line num="14" count="1" type="stmt"/>
    </file>
    <file name="handleTaskComplete.js" path="C:\dev_workspace\microverse-workspace\todo-app\src\modules\handleTaskComplete.js">
      <metrics statements="7" coveredstatements="7" conditionals="0" coveredconditionals="0" methods="1" coveredmethods="1"/>
      <line num="5" count="1" type="stmt"/>
      <line num="7" count="1" type="stmt"/>
      <line num="8" count="1" type="stmt"/>
      <line num="9" count="1" type="stmt"/>
      <line num="10" count="1" type="stmt"/>
      <line num="11" count="1" type="stmt"/>
      <line num="13" count="1" type="stmt"/>
    </file>
    <file name="saveTodo.js" path="C:\dev_workspace\microverse-workspace\todo-app\src\modules\saveTodo.js">
      <metrics statements="8" coveredstatements="8" conditionals="2" coveredconditionals="1" methods="1" coveredmethods="1"/>
      <line num="5" count="1" type="stmt"/>
      <line num="7" count="1" type="stmt"/>
      <line num="8" count="1" type="cond" truecount="1" falsecount="1"/>
      <line num="9" count="1" type="stmt"/>
      <line num="10" count="1" type="stmt"/>
      <line num="12" count="1" type="stmt"/>
      <line num="13" count="1" type="stmt"/>
      <line num="15" count="1" type="stmt"/>
    </file>
    <file name="todoListBuilder.js" path="C:\dev_workspace\microverse-workspace\todo-app\src\modules\todoListBuilder.js">
      <metrics statements="4" coveredstatements="4" conditionals="4" coveredconditionals="4" methods="1" coveredmethods="1"/>
      <line num="1" count="1" type="stmt"/>
      <line num="2" count="4" type="stmt"/>
      <line num="3" count="4" type="stmt"/>
      <line num="13" count="4" type="stmt"/>
    </file>
    <file name="updateTodo.js" path="C:\dev_workspace\microverse-workspace\todo-app\src\modules\updateTodo.js">
      <metrics statements="7" coveredstatements="7" conditionals="0" coveredconditionals="0" methods="1" coveredmethods="1"/>
      <line num="5" count="1" type="stmt"/>
      <line num="7" count="1" type="stmt"/>
      <line num="8" count="1" type="stmt"/>
      <line num="9" count="1" type="stmt"/>
      <line num="11" count="1" type="stmt"/>
      <line num="12" count="1" type="stmt"/>
      <line num="13" count="1" type="stmt"/>
    </file>
  </project>
</coverage>
