{"C:\\dev_workspace\\microverse-workspace\\todo-app\\src\\modules\\handleItemDelete.js": {"path":"C:\\dev_workspace\\microverse-workspace\\todo-app\\src\\modules\\handleItemDelete.js","statementMap":{"0":{"start":{"line":4,"column":25},"end":{"line":15,"column":1}},"1":{"start":{"line":5,"column":16},"end":{"line":5,"column":52}},"2":{"start":{"line":6,"column":22},"end":{"line":6,"column":44}},"3":{"start":{"line":9,"column":2},"end":{"line":11,"column":5}},"4":{"start":{"line":10,"column":4},"end":{"line":10,"column":27}},"5":{"start":{"line":13,"column":2},"end":{"line":13,"column":45}},"6":{"start":{"line":14,"column":2},"end":{"line":14,"column":21}}},"fnMap":{"0":{"name":"(anonymous_0)","decl":{"start":{"line":4,"column":25},"end":{"line":4,"column":26}},"loc":{"start":{"line":4,"column":36},"end":{"line":15,"column":1}},"line":4},"1":{"name":"(anonymous_1)","decl":{"start":{"line":9,"column":16},"end":{"line":9,"column":17}},"loc":{"start":{"line":9,"column":33},"end":{"line":11,"column":3}},"line":9}},"branchMap":{},"s":{"0":1,"1":1,"2":1,"3":1,"4":0,"5":1,"6":1},"f":{"0":1,"1":0},"b":{},"_coverageSchema":"1a1c01bbd47fc00a2c39e90264f33305004495a9","hash":"88085e3908d4e87bd38f9065a1f53bc7f67a248f"}
,"C:\\dev_workspace\\microverse-workspace\\todo-app\\src\\modules\\saveTodo.js": {"path":"C:\\dev_workspace\\microverse-workspace\\todo-app\\src\\modules\\saveTodo.js","statementMap":{"0":{"start":{"line":5,"column":24},"end":{"line":5,"column":69}},"1":{"start":{"line":7,"column":17},"end":{"line":16,"column":1}},"2":{"start":{"line":8,"column":16},"end":{"line":8,"column":58}},"3":{"start":{"line":9,"column":2},"end":{"line":9,"column":35}},"4":{"start":{"line":10,"column":2},"end":{"line":10,"column":22}},"5":{"start":{"line":12,"column":2},"end":{"line":12,"column":45}},"6":{"start":{"line":13,"column":2},"end":{"line":13,"column":40}},"7":{"start":{"line":15,"column":2},"end":{"line":15,"column":22}}},"fnMap":{"0":{"name":"(anonymous_0)","decl":{"start":{"line":7,"column":17},"end":{"line":7,"column":18}},"loc":{"start":{"line":7,"column":30},"end":{"line":16,"column":1}},"line":7}},"branchMap":{"0":{"loc":{"start":{"line":8,"column":16},"end":{"line":8,"column":58}},"type":"binary-expr","locations":[{"start":{"line":8,"column":16},"end":{"line":8,"column":52}},{"start":{"line":8,"column":56},"end":{"line":8,"column":58}}],"line":8}},"s":{"0":1,"1":1,"2":1,"3":1,"4":1,"5":1,"6":1,"7":1},"f":{"0":1},"b":{"0":[1,0]},"_coverageSchema":"1a1c01bbd47fc00a2c39e90264f33305004495a9","hash":"5efdfb84baaa310acc806915bcde672c3685d1ca"}
,"C:\\dev_workspace\\microverse-workspace\\todo-app\\src\\modules\\todoListBuilder.js": {"path":"C:\\dev_workspace\\microverse-workspace\\todo-app\\src\\modules\\todoListBuilder.js","statementMap":{"0":{"start":{"line":1,"column":24},"end":{"line":14,"column":1}},"1":{"start":{"line":2,"column":39},"end":{"line":2,"column":43}},"2":{"start":{"line":3,"column":25},"end":{"line":12,"column":3}},"3":{"start":{"line":13,"column":2},"end":{"line":13,"column":24}}},"fnMap":{"0":{"name":"(anonymous_0)","decl":{"start":{"line":1,"column":24},"end":{"line":1,"column":25}},"loc":{"start":{"line":1,"column":34},"end":{"line":14,"column":1}},"line":1}},"branchMap":{"0":{"loc":{"start":{"line":6,"column":51},"end":{"line":6,"column":79}},"type":"cond-expr","locations":[{"start":{"line":6,"column":65},"end":{"line":6,"column":74}},{"start":{"line":6,"column":77},"end":{"line":6,"column":79}}],"line":6},"1":{"loc":{"start":{"line":7,"column":74},"end":{"line":7,"column":110}},"type":"cond-expr","locations":[{"start":{"line":7,"column":88},"end":{"line":7,"column":105}},{"start":{"line":7,"column":108},"end":{"line":7,"column":110}}],"line":7}},"s":{"0":1,"1":2,"2":2,"3":2},"f":{"0":2},"b":{"0":[0,2],"1":[0,2]},"_coverageSchema":"1a1c01bbd47fc00a2c39e90264f33305004495a9","hash":"d8441dc1db211a980fe58d1eeacb8c0f023fc7bd"}
}
