TN:
SF:src\modules\handleClearAll.js
FN:6,(anonymous_0)
FN:7,(anonymous_1)
FN:8,(anonymous_2)
FNF:3
FNH:3
FNDA:1,(anonymous_0)
FNDA:3,(anonymous_1)
FNDA:2,(anonymous_2)
DA:4,1
DA:6,1
DA:7,3
DA:8,1
DA:9,2
DA:12,1
DA:13,1
DA:15,1
DA:16,1
LF:9
LH:9
BRF:0
BRH:0
end_of_record
TN:
SF:src\modules\handleItemDelete.js
FN:4,(anonymous_0)
FN:9,(anonymous_1)
FNF:2
FNH:2
FNDA:1,(anonymous_0)
FNDA:2,(anonymous_1)
DA:4,1
DA:5,1
DA:6,1
DA:9,1
DA:10,2
DA:13,1
DA:14,1
LF:7
LH:7
BRF:0
BRH:0
end_of_record
TN:
SF:src\modules\handleTaskComplete.js
FN:7,(anonymous_0)
FNF:1
FNH:1
FNDA:1,(anonymous_0)
DA:5,1
DA:7,1
DA:8,1
DA:9,1
DA:10,1
DA:11,1
DA:13,1
LF:7
LH:7
BRF:0
BRH:0
end_of_record
TN:
SF:src\modules\saveTodo.js
FN:7,(anonymous_0)
FNF:1
FNH:1
FNDA:1,(anonymous_0)
DA:5,1
DA:7,1
DA:8,1
DA:9,1
DA:10,1
DA:12,1
DA:13,1
DA:15,1
LF:8
LH:8
BRDA:8,0,0,1
BRDA:8,0,1,0
BRF:2
BRH:1
end_of_record
TN:
SF:src\modules\todoListBuilder.js
FN:1,(anonymous_0)
FNF:1
FNH:1
FNDA:10,(anonymous_0)
DA:1,1
DA:2,10
DA:3,10
DA:13,10
LF:4
LH:4
BRDA:6,0,0,3
BRDA:6,0,1,7
BRDA:7,1,0,3
BRDA:7,1,1,7
BRF:4
BRH:4
end_of_record
TN:
SF:src\modules\updateTodo.js
FN:7,(anonymous_0)
FNF:1
FNH:1
FNDA:1,(anonymous_0)
DA:5,1
DA:7,1
DA:8,1
DA:9,1
DA:11,1
DA:12,1
DA:13,1
LF:7
LH:7
BRF:0
BRH:0
end_of_record
